Namespace(GPU_ID=2, batch_size=1000, dataset='reddit', early_stop=3, epochs=50, featureless=True, learning_rate=0.0001, neg_sample_size=1, neg_weight=1.0, position_ffn='True', residual=True, spatial_drop=0.1, structural_head_config='16,8,8', structural_layer_config='128', temporal_drop=0.5, temporal_head_config='16', temporal_layer_config='128', test_freq=1, time_steps=-1, val_freq=1, walk_len=20, weight_decay=0.0005, window=-1)
Loaded 27 graphs 
Computing training pairs ...
# nodes with random walk samples: 5983
# sampled pairs: 14747702
# nodes with random walk samples: 6567
# sampled pairs: 16315008
# nodes with random walk samples: 6757
# sampled pairs: 16779898
# nodes with random walk samples: 7001
# sampled pairs: 17466522
# nodes with random walk samples: 7153
# sampled pairs: 17803072
# nodes with random walk samples: 6742
# sampled pairs: 16733602
# nodes with random walk samples: 6609
# sampled pairs: 16395196
# nodes with random walk samples: 7339
# sampled pairs: 18253946
# nodes with random walk samples: 7325
# sampled pairs: 18192460
# nodes with random walk samples: 7471
# sampled pairs: 18623780
# nodes with random walk samples: 7517
# sampled pairs: 18750730
# nodes with random walk samples: 7132
# sampled pairs: 17724024
# nodes with random walk samples: 6836
# sampled pairs: 17007240
# nodes with random walk samples: 7519
# sampled pairs: 18775610
# nodes with random walk samples: 7402
# sampled pairs: 18400756
# nodes with random walk samples: 7376
# sampled pairs: 18376336
# nodes with random walk samples: 7373
# sampled pairs: 18343778
# nodes with random walk samples: 7116
# sampled pairs: 17671090
# nodes with random walk samples: 6681
# sampled pairs: 16569750
# nodes with random walk samples: 7366
# sampled pairs: 18355764
# nodes with random walk samples: 7436
# sampled pairs: 18458984
# nodes with random walk samples: 7327
# sampled pairs: 18134422
# nodes with random walk samples: 7332
# sampled pairs: 18207286
# nodes with random walk samples: 6796
# sampled pairs: 16799102
# nodes with random walk samples: 6451
# sampled pairs: 15983738
# nodes with random walk samples: 7067
# sampled pairs: 17535182
# nodes with random walk samples: 6335
# sampled pairs: 15538894
Generating eval data ....
No. Train: Pos=1803, Neg=1803 
No. Val: Pos=1803, Neg=1803 
No. Test: Pos=5409, Neg=5409
