Namespace(GPU_ID=1, batch_size=512, dataset='wikipedia', early_stop=3, epochs=50, featureless=True, learning_rate=0.01, neg_sample_size=10, neg_weight=1.0, position_ffn='True', residual=True, spatial_drop=0.1, structural_head_config='16,8,8', structural_layer_config='128', temporal_drop=0.5, temporal_head_config='16', temporal_layer_config='128', test_freq=1, time_steps=-1, val_freq=1, walk_len=20, weight_decay=0.0005, window=-1)
Loaded 27 graphs 
Computing training pairs ...
# nodes with random walk samples: 1075
# sampled pairs: 2141466
# nodes with random walk samples: 1187
# sampled pairs: 2368148
# nodes with random walk samples: 1304
# sampled pairs: 2631578
# nodes with random walk samples: 1446
# sampled pairs: 2964678
# nodes with random walk samples: 1497
# sampled pairs: 3029432
# nodes with random walk samples: 1645
# sampled pairs: 3341878
# nodes with random walk samples: 1640
# sampled pairs: 3374382
# nodes with random walk samples: 1594
# sampled pairs: 3273004
# nodes with random walk samples: 1534
# sampled pairs: 3161408
# nodes with random walk samples: 1615
# sampled pairs: 3313936
# nodes with random walk samples: 1709
# sampled pairs: 3570590
# nodes with random walk samples: 1729
# sampled pairs: 3578908
# nodes with random walk samples: 1744
# sampled pairs: 3698862
# nodes with random walk samples: 1619
# sampled pairs: 3330498
# nodes with random walk samples: 1644
# sampled pairs: 3387198
# nodes with random walk samples: 1628
# sampled pairs: 3313672
# nodes with random walk samples: 1677
# sampled pairs: 3459180
# nodes with random walk samples: 1626
# sampled pairs: 3337886
# nodes with random walk samples: 1647
# sampled pairs: 3351034
# nodes with random walk samples: 1688
# sampled pairs: 3482854
# nodes with random walk samples: 1640
# sampled pairs: 3401822
# nodes with random walk samples: 1672
# sampled pairs: 3416436
# nodes with random walk samples: 1790
# sampled pairs: 3657340
# nodes with random walk samples: 1612
# sampled pairs: 3324664
# nodes with random walk samples: 1573
# sampled pairs: 3221184
# nodes with random walk samples: 1455
# sampled pairs: 2964518
# nodes with random walk samples: 1219
# sampled pairs: 2461718
Generating eval data ....
No. Train: Pos=183, Neg=183 
No. Val: Pos=183, Neg=183 
No. Test: Pos=552, Neg=552
Epoch 0  ,  Loss = 33.949, Val AUC 0.881 Test AUC 0.853
val auc 0.883, ap 0.918, recall 0.929, acc 0.615
test auc 0.8448, ap 0.8869, recall 0.9040, acc 0.6187
average time 155.31 s, memory 16255.32 MB
Epoch 1  ,  Loss = nan, Val AUC 0.909 Test AUC 0.878
val auc 0.895, ap 0.926, recall 0.937, acc 0.605
test auc 0.8739, ap 0.9136, recall 0.9203, acc 0.6277
average time 148.18 s, memory 19545.01 MB
Epoch 2  ,  Loss = nan, Val AUC 0.903 Test AUC 0.881
val auc 0.898, ap 0.928, recall 0.942, acc 0.612
test auc 0.8805, ap 0.9160, recall 0.9275, acc 0.6440
average time 145.54 s, memory 20641.57 MB
Epoch 3  ,  Loss = nan, Val AUC 0.903 Test AUC 0.872
val auc 0.898, ap 0.929, recall 0.939, acc 0.615
test auc 0.8745, ap 0.9107, recall 0.9167, acc 0.6404
average time 138.53 s, memory 21189.85 MB
Epoch 4  ,  Loss = nan, Val AUC 0.893 Test AUC 0.873
val auc 0.898, ap 0.927, recall 0.938, acc 0.620
test auc 0.8732, ap 0.9084, recall 0.9257, acc 0.6368
average time 134.38 s, memory 21518.82 MB
Best Test AUC = 0.878
