Namespace(GPU_ID=0, batch_size=1000, dataset='wikipedia', early_stop=3, epochs=50, featureless=True, learning_rate=0.0001, neg_sample_size=1, neg_weight=1.0, position_ffn='True', residual=True, spatial_drop=0.1, structural_head_config='16,8,8', structural_layer_config='128', temporal_drop=0.5, temporal_head_config='16', temporal_layer_config='128', test_freq=1, time_steps=-1, val_freq=1, walk_len=20, weight_decay=0.0005, window=-1)
Loaded 27 graphs 
Computing training pairs ...
# nodes with random walk samples: 1075
# sampled pairs: 2140758
# nodes with random walk samples: 1187
# sampled pairs: 2369154
# nodes with random walk samples: 1304
# sampled pairs: 2638336
# nodes with random walk samples: 1446
# sampled pairs: 2964672
# nodes with random walk samples: 1497
# sampled pairs: 3028152
# nodes with random walk samples: 1645
# sampled pairs: 3340830
# nodes with random walk samples: 1640
# sampled pairs: 3373582
# nodes with random walk samples: 1594
# sampled pairs: 3275006
# nodes with random walk samples: 1534
# sampled pairs: 3162864
# nodes with random walk samples: 1615
# sampled pairs: 3323320
# nodes with random walk samples: 1709
# sampled pairs: 3572278
# nodes with random walk samples: 1729
# sampled pairs: 3581944
# nodes with random walk samples: 1744
# sampled pairs: 3702300
# nodes with random walk samples: 1619
# sampled pairs: 3335650
# nodes with random walk samples: 1644
# sampled pairs: 3390012
# nodes with random walk samples: 1628
# sampled pairs: 3316344
# nodes with random walk samples: 1677
# sampled pairs: 3461460
# nodes with random walk samples: 1626
# sampled pairs: 3340700
# nodes with random walk samples: 1647
# sampled pairs: 3353740
# nodes with random walk samples: 1688
# sampled pairs: 3479148
# nodes with random walk samples: 1640
# sampled pairs: 3403890
# nodes with random walk samples: 1672
# sampled pairs: 3415612
# nodes with random walk samples: 1790
# sampled pairs: 3654584
# nodes with random walk samples: 1612
# sampled pairs: 3330146
# nodes with random walk samples: 1573
# sampled pairs: 3219518
# nodes with random walk samples: 1455
# sampled pairs: 2962094
# nodes with random walk samples: 1219
# sampled pairs: 2460828
Generating eval data ....
No. Train: Pos=183, Neg=183 
No. Val: Pos=183, Neg=183 
No. Test: Pos=552, Neg=552
Epoch 0  ,  Loss = nan, Val AUC 0.619 Test AUC 0.656
val auc 0.4613, ap 0.4924, recall 1.0000, acc 0.5000
test auc 0.4269, ap 0.4415, recall 1.0000, acc 0.5000
average time 57.37 s, memory 16252.91 MB
Epoch 1  ,  Loss = nan, Val AUC 0.707 Test AUC 0.748
val auc 0.4043, ap 0.4587, recall 1.0000, acc 0.5000
test auc 0.3800, ap 0.4189, recall 1.0000, acc 0.5000
average time 52.71 s, memory 19542.80 MB
Epoch 2  ,  Loss = nan, Val AUC 0.770 Test AUC 0.802
val auc 0.3710, ap 0.4436, recall 1.0000, acc 0.5000
test auc 0.3587, ap 0.4101, recall 1.0000, acc 0.5000
average time 51.01 s, memory 20639.43 MB
Epoch 3  ,  Loss = nan, Val AUC 0.809 Test AUC 0.832
val auc 0.3526, ap 0.4368, recall 1.0000, acc 0.5000
test auc 0.3499, ap 0.4073, recall 1.0000, acc 0.5000
average time 50.26 s, memory 21187.74 MB
Best Test AUC = 0.656
