2024-03-22 11:04:14,091 - root - INFO - Namespace(agg_method='attn', attn_mode='prod', bs=1000, data='wikipedia', drop_out=0.1, gpu=2, lr=0.0001, n_degree=20, n_epoch=2, n_head=2, n_layer=1, node_dim=100, prefix='wiki', time='time', time_dim=100, uniform=True)
2024-03-22 11:04:14,793 - module - INFO - Aggregation uses attention model
2024-03-22 11:04:14,806 - module - INFO - Using scaled prod attention
2024-03-22 11:04:14,806 - module - INFO - Using time encoding
2024-03-22 11:04:15,911 - root - INFO - num of training instances: 81029
2024-03-22 11:04:15,912 - root - INFO - num of batches per epoch: 82
2024-03-22 11:04:15,915 - root - INFO - start 0 epoch
2024-03-22 11:04:31,026 - root - INFO - epoch: 0
2024-03-22 11:04:31,026 - root - INFO - train time: 4.97 s
2024-03-22 11:04:31,026 - root - INFO - Epoch mean loss: 1.1573153152698423
2024-03-22 11:04:31,026 - root - INFO - train acc: 0.6645, val acc: 0.6702, new node val acc: 0.6876
2024-03-22 11:04:31,026 - root - INFO - train auc: 0.7446, val auc: 0.7480, new node val auc: 0.7651
2024-03-22 11:04:31,026 - root - INFO - train ap: 0.7613, val ap: 0.7809, new node val ap: 0.8004
2024-03-22 11:04:31,026 - root - INFO - train recall: 0.6407, val recall: 0.6671, new node val recall: 0.6930
2024-03-22 11:04:31,631 - root - INFO - start 1 epoch
2024-03-22 11:04:45,934 - root - INFO - epoch: 1
2024-03-22 11:04:45,934 - root - INFO - train time: 4.22 s
2024-03-22 11:04:45,934 - root - INFO - Epoch mean loss: 1.0083488414927226
2024-03-22 11:04:45,934 - root - INFO - train acc: 0.7332, val acc: 0.6762, new node val acc: 0.6809
2024-03-22 11:04:45,934 - root - INFO - train auc: 0.8207, val auc: 0.7596, new node val auc: 0.7705
2024-03-22 11:04:45,934 - root - INFO - train ap: 0.8314, val ap: 0.7885, new node val ap: 0.8058
2024-03-22 11:04:45,934 - root - INFO - train recall: 0.7230, val recall: 0.7476, new node val recall: 0.7507
2024-03-22 11:04:55,339 - root - INFO - Test statistics: Old nodes -- acc: 0.6476, auc: 0.7211, ap: 0.7520, recall: 0.7322
2024-03-22 11:04:55,340 - root - INFO - Test statistics: New nodes -- acc: 0.6460, auc: 0.7212, ap: 0.7540, recall: 0.7270
2024-03-22 11:04:55,340 - root - INFO - memory use: 797.39 MB
2024-03-22 11:04:55,340 - root - INFO - total time: 9.19 s
2024-03-22 11:04:55,340 - root - INFO - complete average time: 4.59 s
2024-03-22 11:04:55,340 - root - INFO - Saving TGAN model
2024-03-22 11:04:55,916 - root - INFO - TGAN models saved
