2024-03-26 16:26:36,135 - root - INFO - Namespace(agg_method='attn', attn_mode='prod', bs=1000, data='wikipedia', drop_out=0.1, gpu=0, lr=0.0001, n_degree=20, n_epoch=50, n_head=2, n_layer=1, node_dim=100, prefix='wiki', time='time', time_dim=100, uniform=True)
2024-03-26 16:26:37,133 - module - INFO - Aggregation uses attention model
2024-03-26 16:26:37,150 - module - INFO - Using scaled prod attention
2024-03-26 16:26:37,150 - module - INFO - Using time encoding
2024-03-26 16:26:39,283 - root - INFO - num of training instances: 81029
2024-03-26 16:26:39,283 - root - INFO - num of batches per epoch: 82
2024-03-26 16:26:39,286 - root - INFO - start 0 epoch
2024-03-26 16:26:54,390 - root - INFO - epoch: 0
2024-03-26 16:26:54,390 - root - INFO - total memory use: 797.62 MB
2024-03-26 16:26:54,390 - root - INFO - train time: 5.43 s
2024-03-26 16:26:54,390 - root - INFO - Epoch mean loss: 1.2197910416417006
2024-03-26 16:26:54,390 - root - INFO - train acc: 0.6450, val acc: 0.6376, new node val acc: 0.6605
2024-03-26 16:26:54,390 - root - INFO - train auc: 0.7169, val auc: 0.7133, new node val auc: 0.7421
2024-03-26 16:26:54,390 - root - INFO - train ap: 0.7214, val ap: 0.7538, new node val ap: 0.7852
2024-03-26 16:26:54,391 - root - INFO - train recall: 0.6330, val recall: 0.6587, new node val recall: 0.6826
2024-03-26 16:26:55,180 - root - INFO - start 1 epoch
2024-03-26 16:27:09,725 - root - INFO - epoch: 1
2024-03-26 16:27:09,725 - root - INFO - total memory use: 1595.23 MB
2024-03-26 16:27:09,725 - root - INFO - train time: 4.98 s
2024-03-26 16:27:09,725 - root - INFO - Epoch mean loss: 1.025311604505632
2024-03-26 16:27:09,725 - root - INFO - train acc: 0.7249, val acc: 0.6895, new node val acc: 0.7005
2024-03-26 16:27:09,726 - root - INFO - train auc: 0.8128, val auc: 0.7721, new node val auc: 0.7913
2024-03-26 16:27:09,726 - root - INFO - train ap: 0.8241, val ap: 0.7994, new node val ap: 0.8197
2024-03-26 16:27:09,726 - root - INFO - train recall: 0.7158, val recall: 0.7243, new node val recall: 0.7416
2024-03-26 16:27:10,526 - root - INFO - start 2 epoch
2024-03-26 16:27:24,931 - root - INFO - epoch: 2
2024-03-26 16:27:24,931 - root - INFO - total memory use: 2392.85 MB
2024-03-26 16:27:24,932 - root - INFO - train time: 4.85 s
2024-03-26 16:27:24,932 - root - INFO - Epoch mean loss: 0.9722634452145275
2024-03-26 16:27:24,932 - root - INFO - train acc: 0.7491, val acc: 0.6949, new node val acc: 0.7052
2024-03-26 16:27:24,932 - root - INFO - train auc: 0.8379, val auc: 0.7811, new node val auc: 0.7961
2024-03-26 16:27:24,932 - root - INFO - train ap: 0.8467, val ap: 0.8055, new node val ap: 0.8240
2024-03-26 16:27:24,932 - root - INFO - train recall: 0.7495, val recall: 0.7524, new node val recall: 0.7672
2024-03-26 16:27:25,728 - root - INFO - start 3 epoch
