2024-03-22 10:29:00,993 - root - INFO - Namespace(agg_method='attn', attn_mode='prod', bs=1000, data='wikipedia', drop_out=0.1, gpu=2, lr=0.0001, n_degree=20, n_epoch=50, n_head=2, n_layer=1, node_dim=100, prefix='wiki', time='time', time_dim=100, uniform=True)
2024-03-22 10:29:01,697 - module - INFO - Aggregation uses attention model
2024-03-22 10:29:01,710 - module - INFO - Using scaled prod attention
2024-03-22 10:29:01,710 - module - INFO - Using time encoding
2024-03-22 10:29:02,739 - root - INFO - num of training instances: 81029
2024-03-22 10:29:02,739 - root - INFO - num of batches per epoch: 82
2024-03-22 10:29:02,741 - root - INFO - start 0 epoch
2024-03-22 10:29:17,937 - root - INFO - epoch: 0:
2024-03-22 10:29:17,937 - root - INFO - Epoch mean loss: 1.142021094880453
2024-03-22 10:29:17,937 - root - INFO - train acc: 0.6684843205574913, val acc: 0.6406514382402708, new node val acc: 0.66571072319202
2024-03-22 10:29:17,937 - root - INFO - train auc: 0.7502737577152813, val auc: 0.7163134517766496, new node val auc: 0.7468204488778055
2024-03-22 10:29:17,937 - root - INFO - train ap: 0.7729385743269869, val ap: 0.7584751195431244, new node val ap: 0.7880643091160116
2024-03-22 10:29:17,937 - root - INFO - train recall: 0.6333449477351917, val recall: 0.6548223350253807, new node val recall: 0.680299251870324
2024-03-22 10:29:18,328 - root - INFO - start 1 epoch
2024-03-22 10:29:32,848 - root - INFO - epoch: 1:
2024-03-22 10:29:32,848 - root - INFO - Epoch mean loss: 1.0337396758358652
2024-03-22 10:29:32,848 - root - INFO - train acc: 0.7194128919860627, val acc: 0.6851311336717429, new node val acc: 0.7021197007481296
2024-03-22 10:29:32,848 - root - INFO - train auc: 0.8062471818068692, val auc: 0.7677488719684151, new node val auc: 0.7886034912718205
2024-03-22 10:29:32,849 - root - INFO - train ap: 0.8202210510412395, val ap: 0.7984315000646051, new node val ap: 0.821218349760658
2024-03-22 10:29:32,849 - root - INFO - train recall: 0.71397212543554, val recall: 0.686379018612521, new node val recall: 0.7167913549459685
2024-03-22 10:29:33,234 - root - INFO - start 2 epoch
