2024-03-22 11:00:51,397 - root - INFO - Namespace(agg_method='attn', attn_mode='prod', bs=1000, data='wikipedia', drop_out=0.1, gpu=2, lr=0.0001, n_degree=20, n_epoch=2, n_head=2, n_layer=1, node_dim=100, prefix='wiki', time='time', time_dim=100, uniform=True)
2024-03-22 11:00:52,097 - module - INFO - Aggregation uses attention model
2024-03-22 11:00:52,111 - module - INFO - Using scaled prod attention
2024-03-22 11:00:52,111 - module - INFO - Using time encoding
2024-03-22 11:00:53,145 - root - INFO - num of training instances: 81029
2024-03-22 11:00:53,145 - root - INFO - num of batches per epoch: 82
2024-03-22 11:00:53,147 - root - INFO - start 0 epoch
2024-03-22 11:01:07,953 - root - INFO - epoch: 0:
2024-03-22 11:01:07,953 - root - INFO - train time: 4.86:
2024-03-22 11:01:07,953 - root - INFO - Epoch mean loss: 1.1322422834431254
2024-03-22 11:01:07,953 - root - INFO - train acc: 0.6763, val acc: 0.6654, new node val acc: 0.6760
2024-03-22 11:01:07,953 - root - INFO - train auc: 0.7607, val auc: 0.7422, new node val auc: 0.7622
2024-03-22 11:01:07,953 - root - INFO - train ap: 0.7774, val ap: 0.7765, new node val ap: 0.7975
2024-03-22 11:01:07,953 - root - INFO - train recall: 0.6413, val recall: 0.7100, new node val recall: 0.7173
2024-03-22 11:01:08,557 - root - INFO - start 1 epoch
2024-03-22 11:01:22,640 - root - INFO - epoch: 1:
2024-03-22 11:01:22,640 - root - INFO - train time: 4.15:
2024-03-22 11:01:22,640 - root - INFO - Epoch mean loss: 1.0158777905673515
2024-03-22 11:01:22,640 - root - INFO - train acc: 0.7264, val acc: 0.6714, new node val acc: 0.6798
2024-03-22 11:01:22,640 - root - INFO - train auc: 0.8146, val auc: 0.7570, new node val auc: 0.7723
2024-03-22 11:01:22,640 - root - INFO - train ap: 0.8256, val ap: 0.7863, new node val ap: 0.8047
2024-03-22 11:01:22,640 - root - INFO - train recall: 0.7220, val recall: 0.7512, new node val recall: 0.7646
2024-03-22 11:01:31,859 - root - INFO - Test statistics: Old nodes -- acc: 0.6400, auc: 0.7150, ap: 0.7455, recall: 0.7337
2024-03-22 11:01:31,859 - root - INFO - Test statistics: New nodes -- acc: 0.6445, auc: 0.7206, ap: 0.7544, recall: 0.7429
2024-03-22 11:01:31,859 - root - INFO - memory use:797.39 MB
