2024-03-21 22:19:30,486 - root - INFO - Namespace(agg_method='attn', attn_mode='prod', bs=1000, data='wikipedia', drop_out=0.1, gpu=2, lr=0.0001, n_degree=20, n_epoch=50, n_head=2, n_layer=1, node_dim=100, prefix='wiki', time='time', time_dim=100, uniform=True)
2024-03-21 22:19:31,189 - module - INFO - Aggregation uses attention model
2024-03-21 22:19:31,202 - module - INFO - Using scaled prod attention
2024-03-21 22:19:31,202 - module - INFO - Using time encoding
2024-03-21 22:19:32,223 - root - INFO - num of training instances: 81029
2024-03-21 22:19:32,223 - root - INFO - num of batches per epoch: 82
2024-03-21 22:19:32,225 - root - INFO - start 0 epoch
2024-03-21 22:19:45,734 - root - INFO - epoch: 0:
2024-03-21 22:19:45,734 - root - INFO - Epoch mean loss: 1.1313775581557577
2024-03-21 22:19:45,734 - root - INFO - train acc: 0.6705339721254356, val acc: 0.6372038917089679, new node val acc: 0.662718204488778
2024-03-21 22:19:45,734 - root - INFO - train auc: 0.7546753526630164, val auc: 0.7058269881556682, new node val auc: 0.7317788861180383
2024-03-21 22:19:45,734 - root - INFO - train ap: 0.774797633219751, val ap: 0.7491368224133268, new node val ap: 0.7774499930223908
2024-03-21 22:19:46,120 - root - INFO - start 1 epoch
2024-03-21 22:19:58,962 - root - INFO - epoch: 1:
2024-03-21 22:19:58,962 - root - INFO - Epoch mean loss: 1.036047562593367
2024-03-21 22:19:58,962 - root - INFO - train acc: 0.7182212543554005, val acc: 0.6786802030456852, new node val acc: 0.6919368246051538
2024-03-21 22:19:58,962 - root - INFO - train auc: 0.8071098423344947, val auc: 0.7620628877608574, new node val auc: 0.7799667497921862
2024-03-21 22:19:58,962 - root - INFO - train ap: 0.8195045861010453, val ap: 0.7915284236675648, new node val ap: 0.8122874895234585
2024-03-21 22:19:59,348 - root - INFO - start 2 epoch
2024-03-21 22:20:12,156 - root - INFO - epoch: 2:
2024-03-21 22:20:12,157 - root - INFO - Epoch mean loss: 0.988372927031866
2024-03-21 22:20:12,157 - root - INFO - train acc: 0.7409538327526134, val acc: 0.6936759729272419, new node val acc: 0.6995428096425602
2024-03-21 22:20:12,157 - root - INFO - train auc: 0.8312405966898956, val auc: 0.7748484207557811, new node val auc: 0.786949293433084
2024-03-21 22:20:12,157 - root - INFO - train ap: 0.8390956706231999, val ap: 0.8031160912516518, new node val ap: 0.8172602022621611
2024-03-21 22:20:12,540 - root - INFO - start 3 epoch
2024-03-21 22:20:25,356 - root - INFO - epoch: 3:
2024-03-21 22:20:25,356 - root - INFO - Epoch mean loss: 0.9633091811726733
2024-03-21 22:20:25,356 - root - INFO - train acc: 0.7530418118466898, val acc: 0.7058375634517766, new node val acc: 0.7131753948462178
2024-03-21 22:20:25,356 - root - INFO - train auc: 0.8429135273768045, val auc: 0.7932261703327694, new node val auc: 0.8026364643945691
2024-03-21 22:20:25,356 - root - INFO - train ap: 0.8498411451994189, val ap: 0.815615511744703, new node val ap: 0.8276000746707827
2024-03-21 22:20:25,739 - root - INFO - start 4 epoch
2024-03-21 22:20:38,549 - root - INFO - epoch: 4:
2024-03-21 22:20:38,549 - root - INFO - Epoch mean loss: 0.9293889963045353
2024-03-21 22:20:38,549 - root - INFO - train acc: 0.7665034843205576, val acc: 0.7176607445008462, new node val acc: 0.71857855361596
2024-03-21 22:20:38,549 - root - INFO - train auc: 0.8564902453957192, val auc: 0.8057233502538073, new node val auc: 0.8098420615128845
2024-03-21 22:20:38,550 - root - INFO - train ap: 0.8624875025883502, val ap: 0.8266928612778911, new node val ap: 0.8319861765354795
2024-03-21 22:20:38,934 - root - INFO - start 5 epoch
2024-03-21 22:20:51,741 - root - INFO - epoch: 5:
2024-03-21 22:20:51,741 - root - INFO - Epoch mean loss: 0.9129116905898582
2024-03-21 22:20:51,741 - root - INFO - train acc: 0.7720191637630661, val acc: 0.7200719120135364, new node val acc: 0.7211138819617623
2024-03-21 22:20:51,741 - root - INFO - train auc: 0.8619904761075161, val auc: 0.8092900451212635, new node val auc: 0.8159587143252979
2024-03-21 22:20:51,742 - root - INFO - train ap: 0.8668269659260384, val ap: 0.8286588377346724, new node val ap: 0.8389643246139997
2024-03-21 22:20:52,124 - root - INFO - start 6 epoch
2024-03-21 22:21:04,963 - root - INFO - epoch: 6:
2024-03-21 22:21:04,963 - root - INFO - Epoch mean loss: 0.9047715663909912
2024-03-21 22:21:04,963 - root - INFO - train acc: 0.7747012195121951, val acc: 0.7358714043993231, new node val acc: 0.7424771404821281
2024-03-21 22:21:04,963 - root - INFO - train auc: 0.8652981979840716, val auc: 0.8238931190073323, new node val auc: 0.8309864228318093
2024-03-21 22:21:04,963 - root - INFO - train ap: 0.8703798545181776, val ap: 0.842954840916254, new node val ap: 0.8518308737493904
2024-03-21 22:21:05,347 - root - INFO - start 7 epoch
2024-03-21 22:21:18,184 - root - INFO - epoch: 7:
2024-03-21 22:21:18,184 - root - INFO - Epoch mean loss: 0.8816463067764189
2024-03-21 22:21:18,185 - root - INFO - train acc: 0.7818850174216028, val acc: 0.7397842639593908, new node val acc: 0.742809642560266
2024-03-21 22:21:18,185 - root - INFO - train auc: 0.8716341954952712, val auc: 0.8265905245346868, new node val auc: 0.8326904959822665
2024-03-21 22:21:18,185 - root - INFO - train ap: 0.8765518654895745, val ap: 0.8435260253982625, new node val ap: 0.8533124135271192
2024-03-21 22:21:18,569 - root - INFO - start 8 epoch
