2024-04-07 16:43:29,142 - root - INFO - Namespace(agg_method='attn', attn_mode='prod', bs=1000, data='reddit', drop_out=0.1, gpu=3, lr=0.0003, n_degree=20, n_epoch=15, n_head=2, n_layer=1, n_neg=1, new_node=False, node_dim=None, prefix='reddit', time='time', time_dim=None, tune=False, uniform=True)
2024-04-07 16:43:30,781 - root - INFO - Training use all train data
2024-04-07 16:43:35,841 - module - INFO - Aggregation uses attention model
2024-04-07 16:43:35,867 - module - INFO - Using scaled prod attention
2024-04-07 16:43:35,867 - module - INFO - Using time encoding
2024-04-07 16:43:38,444 - root - DEBUG - num of training instances: 571580
2024-04-07 16:43:38,444 - root - DEBUG - num of batches per epoch: 572
2024-04-07 16:43:38,458 - root - INFO - loading saved TGAN model
2024-04-07 16:43:45,372 - root - INFO - TGAN models loaded
2024-04-07 16:43:45,372 - root - INFO - Start training node classification task
2024-04-07 16:44:22,781 - root - INFO - train auc: 0.4554, test auc: 0.5160
2024-04-07 16:44:22,781 - root - INFO - train f1: 0.0004, test f1: 0.0010
2024-04-07 16:44:22,781 - root - INFO - train ap: 0.0000, test ap: 0.0000
2024-04-07 16:44:58,879 - root - INFO - train auc: 0.4963, test auc: 0.5413
2024-04-07 16:44:58,879 - root - INFO - train f1: 0.0005, test f1: 0.0011
2024-04-07 16:44:58,879 - root - INFO - train ap: 0.0000, test ap: 0.0000
2024-04-07 16:45:35,768 - root - INFO - train auc: 0.5521, test auc: 0.5522
2024-04-07 16:45:35,768 - root - INFO - train f1: 0.0006, test f1: 0.0016
2024-04-07 16:45:35,768 - root - INFO - train ap: 0.0000, test ap: 0.0000
2024-04-07 16:46:13,343 - root - INFO - train auc: 0.5955, test auc: 0.5814
2024-04-07 16:46:13,343 - root - INFO - train f1: 0.0007, test f1: 0.0014
2024-04-07 16:46:13,343 - root - INFO - train ap: 0.0000, test ap: 0.0000
2024-04-07 16:46:50,766 - root - INFO - train auc: 0.5897, test auc: 0.5767
2024-04-07 16:46:50,766 - root - INFO - train f1: 0.0006, test f1: 0.0013
2024-04-07 16:46:50,766 - root - INFO - train ap: 0.0000, test ap: 0.0000
2024-04-07 16:47:28,011 - root - INFO - train auc: 0.6102, test auc: 0.5964
2024-04-07 16:47:28,011 - root - INFO - train f1: 0.0007, test f1: 0.0016
2024-04-07 16:47:28,011 - root - INFO - train ap: 0.0000, test ap: 0.0000
