2024-04-07 16:52:22,986 - root - INFO - Namespace(agg_method='attn', attn_mode='prod', bs=1000, data='reddit', drop_out=0.1, gpu=3, lr=0.0003, n_degree=20, n_epoch=15, n_head=2, n_layer=1, n_neg=1, new_node=False, node_dim=None, prefix='reddit', time='time', time_dim=None, tune=False, uniform=True)
2024-04-07 16:52:25,511 - root - INFO - Training use all train data
2024-04-07 16:52:30,404 - module - INFO - Aggregation uses attention model
2024-04-07 16:52:30,430 - module - INFO - Using scaled prod attention
2024-04-07 16:52:30,430 - module - INFO - Using time encoding
2024-04-07 16:52:33,701 - root - DEBUG - num of training instances: 571580
2024-04-07 16:52:33,701 - root - DEBUG - num of batches per epoch: 572
2024-04-07 16:52:33,711 - root - INFO - loading saved TGAN model
2024-04-07 16:52:40,224 - root - INFO - TGAN models loaded
2024-04-07 16:52:40,224 - root - INFO - Start training node classification task
2024-04-07 16:53:22,601 - root - INFO - train auc: 0.4554, test auc: 0.5160
2024-04-07 16:53:22,601 - root - INFO - train f1: 0.0004, test f1: 0.0010
2024-04-07 16:53:22,601 - root - INFO - train ap: 0.0000, test ap: 0.0000
2024-04-07 16:54:03,804 - root - INFO - train auc: 0.4963, test auc: 0.5413
2024-04-07 16:54:03,804 - root - INFO - train f1: 0.0005, test f1: 0.0011
2024-04-07 16:54:03,804 - root - INFO - train ap: 0.0000, test ap: 0.0000
2024-04-07 16:54:44,805 - root - INFO - train auc: 0.5521, test auc: 0.5522
2024-04-07 16:54:44,806 - root - INFO - train f1: 0.0006, test f1: 0.0016
2024-04-07 16:54:44,806 - root - INFO - train ap: 0.0000, test ap: 0.0000
2024-04-07 16:55:25,531 - root - INFO - train auc: 0.5955, test auc: 0.5814
2024-04-07 16:55:25,531 - root - INFO - train f1: 0.0007, test f1: 0.0014
2024-04-07 16:55:25,531 - root - INFO - train ap: 0.0000, test ap: 0.0000
2024-04-07 16:56:04,142 - root - INFO - train auc: 0.5897, test auc: 0.5767
2024-04-07 16:56:04,143 - root - INFO - train f1: 0.0006, test f1: 0.0013
2024-04-07 16:56:04,143 - root - INFO - train ap: 0.0000, test ap: 0.0000
2024-04-07 16:56:40,304 - root - INFO - train auc: 0.6102, test auc: 0.5964
2024-04-07 16:56:40,304 - root - INFO - train f1: 0.0007, test f1: 0.0016
2024-04-07 16:56:40,304 - root - INFO - train ap: 0.0000, test ap: 0.0000
2024-04-07 16:57:16,991 - root - INFO - train auc: 0.6229, test auc: 0.6025
2024-04-07 16:57:16,991 - root - INFO - train f1: 0.0008, test f1: 0.0016
2024-04-07 16:57:16,991 - root - INFO - train ap: 0.0000, test ap: 0.0000
2024-04-07 16:57:53,100 - root - INFO - train auc: 0.6381, test auc: 0.5828
2024-04-07 16:57:53,101 - root - INFO - train f1: 0.0009, test f1: 0.0015
2024-04-07 16:57:53,101 - root - INFO - train ap: 0.0000, test ap: 0.0000
2024-04-07 16:58:29,023 - root - INFO - train auc: 0.6401, test auc: 0.6393
2024-04-07 16:58:29,023 - root - INFO - train f1: 0.0008, test f1: 0.0017
2024-04-07 16:58:29,023 - root - INFO - train ap: 0.0000, test ap: 0.0000
2024-04-07 16:59:02,740 - root - INFO - train auc: 0.6463, test auc: 0.6309
2024-04-07 16:59:02,740 - root - INFO - train f1: 0.0009, test f1: 0.0018
2024-04-07 16:59:02,740 - root - INFO - train ap: 0.0000, test ap: 0.0000
2024-04-07 16:59:35,579 - root - INFO - train auc: 0.6584, test auc: 0.6210
2024-04-07 16:59:35,579 - root - INFO - train f1: 0.0009, test f1: 0.0018
2024-04-07 16:59:35,579 - root - INFO - train ap: 0.0000, test ap: 0.0000
2024-04-07 17:00:05,192 - root - INFO - train auc: 0.6639, test auc: 0.6334
2024-04-07 17:00:05,192 - root - INFO - train f1: 0.0009, test f1: 0.0021
2024-04-07 17:00:05,192 - root - INFO - train ap: 0.0000, test ap: 0.0000
2024-04-07 17:00:33,731 - root - INFO - train auc: 0.6755, test auc: 0.6217
2024-04-07 17:00:33,732 - root - INFO - train f1: 0.0010, test f1: 0.0018
2024-04-07 17:00:33,732 - root - INFO - train ap: 0.0000, test ap: 0.0000
2024-04-07 17:01:01,375 - root - INFO - train auc: 0.6667, test auc: 0.6063
2024-04-07 17:01:01,375 - root - INFO - train f1: 0.0010, test f1: 0.0018
2024-04-07 17:01:01,375 - root - INFO - train ap: 0.0000, test ap: 0.0000
2024-04-07 17:01:28,171 - root - INFO - train auc: 0.6630, test auc: 0.6113
2024-04-07 17:01:28,172 - root - INFO - train f1: 0.0010, test f1: 0.0017
2024-04-07 17:01:28,172 - root - INFO - train ap: 0.0000, test ap: 0.0000
2024-04-07 17:01:30,330 - root - INFO - test auc: 0.6414, test f1: 0.0019240718050445083, test ap: 0.0000
