2024-04-15 12:01:30,211 - root - INFO - Namespace(agg_method='attn', attn_mode='prod', bs=1000, data='ml25m', drop_out=0.1, gpu=1, lr=0.0001, n_degree=20, n_epoch=50, n_head=1, n_layer=1, node_dim=100, prefix='ml25m', time='time', time_dim=100, uniform=True)
2024-04-15 12:03:32,934 - module - INFO - Aggregation uses attention model
2024-04-15 12:03:32,935 - module - INFO - Using scaled prod attention
2024-04-15 12:03:32,935 - module - INFO - Using time encoding
2024-04-15 12:03:34,727 - root - INFO - num of training instances: 13346470
2024-04-15 12:03:34,727 - root - INFO - num of batches per epoch: 13347
2024-04-15 12:03:35,412 - root - INFO - start 0 epoch
2024-04-15 12:44:16,944 - root - INFO - epoch: 0
2024-04-15 12:44:16,944 - root - INFO - total memory use: 207.46 MB
2024-04-15 12:44:16,944 - root - INFO - train time: 776.30 s
2024-04-15 12:44:16,945 - root - INFO - Epoch mean loss: 1.248158247777029
2024-04-15 12:44:16,946 - root - INFO - train acc: 0.6582, val acc: 0.6841, new node val acc: 0.6844
2024-04-15 12:44:16,947 - root - INFO - train auc: 0.6785, val auc: 0.7064, new node val auc: 0.7074
2024-04-15 12:44:16,947 - root - INFO - train ap: 0.6237, val ap: 0.6504, new node val ap: 0.6515
2024-04-15 12:44:16,948 - root - INFO - train recall: 0.8113, val recall: 0.9791, new node val recall: 0.9801
2024-04-15 12:44:17,861 - root - INFO - start 1 epoch
2024-04-15 13:24:50,068 - root - INFO - epoch: 1
2024-04-15 13:24:50,068 - root - INFO - total memory use: 414.93 MB
2024-04-15 13:24:50,068 - root - INFO - train time: 772.96 s
2024-04-15 13:24:50,069 - root - INFO - Epoch mean loss: 1.1921212308869662
2024-04-15 13:24:50,070 - root - INFO - train acc: 0.6845, val acc: 0.6863, new node val acc: 0.6865
2024-04-15 13:24:50,071 - root - INFO - train auc: 0.6997, val auc: 0.7126, new node val auc: 0.7142
2024-04-15 13:24:50,072 - root - INFO - train ap: 0.6374, val ap: 0.6663, new node val ap: 0.6684
2024-04-15 13:24:50,072 - root - INFO - train recall: 0.9074, val recall: 0.9773, new node val recall: 0.9783
2024-04-15 13:24:50,941 - root - INFO - start 2 epoch
2024-04-15 14:05:13,235 - root - INFO - epoch: 2
2024-04-15 14:05:13,235 - root - INFO - total memory use: 622.39 MB
2024-04-15 14:05:13,235 - root - INFO - train time: 764.61 s
2024-04-15 14:05:13,236 - root - INFO - Epoch mean loss: 1.1879012270876554
2024-04-15 14:05:13,237 - root - INFO - train acc: 0.6859, val acc: 0.6877, new node val acc: 0.6879
2024-04-15 14:05:13,238 - root - INFO - train auc: 0.7073, val auc: 0.7086, new node val auc: 0.7098
2024-04-15 14:05:13,239 - root - INFO - train ap: 0.6455, val ap: 0.6644, new node val ap: 0.6660
2024-04-15 14:05:13,240 - root - INFO - train recall: 0.8996, val recall: 0.9717, new node val recall: 0.9729
2024-04-15 14:05:14,103 - root - INFO - start 3 epoch
